# JRE version: Java(TM) SE Runtime Environment (21.0.7+8) (build 21.0.7+8-LTS-245)
# Java VM: Java HotSpot(TM) 64-Bit Server VM (21.0.7+8-LTS-245, mixed mode, sharing, tiered, compressed oops, compressed class ptrs, g1 gc, windows-amd64)
GC Precious Log:
 CardTable entry size: 512
 Card Set container configuration: InlinePtr #cards 4 size 8 Array Of Cards #cards 32 size 80 Howl #buckets 8 coarsen threshold 7372 Howl Bitmap #cards 1024 size 144 coarsen threshold 921 Card regions per heap region 1 cards per card region 8192
 CPUs: 16 total, 16 available
 Memory: 19724M
 Large Page Support: Disabled
 NUMA Support: Disabled
 Compressed Oops: Enabled (Zero based)
 Heap Region Size: 4M
 Heap Min Capacity: 8M
 Heap Initial Capacity: 312M
 Heap Max Capacity: 4932M
 Pre-touch: Disabled
 Parallel Workers: 13
 Concurrent Workers: 3
 Concurrent Refinement Workers: 13
 Periodic GC: Disabled
Heap:
 garbage-first heap   total 94208K, used 46174K [0x00000006cbc00000, 0x0000000800000000)
  region size 4096K, 7 young (28672K), 2 survivors (8192K)
 Metaspace       used 43197K, committed 43840K, reserved 1114112K
  class space    used 5474K, committed 5760K, reserved 1048576K
GC Heap History (16 events):
Event: 0.762 GC heap before
{Heap before GC invocations=0 (full 0):
 garbage-first heap   total 319488K, used 20480K [0x00000006cbc00000, 0x0000000800000000)
  region size 4096K, 5 young (20480K), 0 survivors (0K)
 Metaspace       used 3714K, committed 3904K, reserved 1114112K
  class space    used 351K, committed 448K, reserved 1048576K
}
Event: 0.767 GC heap after
{Heap after GC invocations=1 (full 0):
 garbage-first heap   total 319488K, used 9626K [0x00000006cbc00000, 0x0000000800000000)
  region size 4096K, 1 young (4096K), 1 survivors (4096K)
 Metaspace       used 3714K, committed 3904K, reserved 1114112K
  class space    used 351K, committed 448K, reserved 1048576K
}
Event: 1.279 GC heap before
{Heap before GC invocations=1 (full 0):
 garbage-first heap   total 319488K, used 17818K [0x00000006cbc00000, 0x0000000800000000)
  region size 4096K, 4 young (16384K), 1 survivors (4096K)
 Metaspace       used 8457K, committed 8704K, reserved 1114112K
  class space    used 904K, committed 1024K, reserved 1048576K
}
Event: 1.282 GC heap after
{Heap after GC invocations=2 (full 0):
 garbage-first heap   total 319488K, used 11713K [0x00000006cbc00000, 0x0000000800000000)
  region size 4096K, 1 young (4096K), 1 survivors (4096K)
 Metaspace       used 8457K, committed 8704K, reserved 1114112K
  class space    used 904K, committed 1024K, reserved 1048576K
}
Event: 2.264 GC heap before
{Heap before GC invocations=2 (full 0):
 garbage-first heap   total 319488K, used 56769K [0x00000006cbc00000, 0x0000000800000000)
  region size 4096K, 12 young (49152K), 1 survivors (4096K)
 Metaspace       used 17272K, committed 17664K, reserved 1114112K
  class space    used 2206K, committed 2368K, reserved 1048576K
}
Event: 2.269 GC heap after
{Heap after GC invocations=3 (full 0):
 garbage-first heap   total 319488K, used 14614K [0x00000006cbc00000, 0x0000000800000000)
  region size 4096K, 2 young (8192K), 2 survivors (8192K)
 Metaspace       used 17272K, committed 17664K, reserved 1114112K
  class space    used 2206K, committed 2368K, reserved 1048576K
}
Event: 2.551 GC heap before
{Heap before GC invocations=3 (full 0):
 garbage-first heap   total 319488K, used 35094K [0x00000006cbc00000, 0x0000000800000000)
  region size 4096K, 8 young (32768K), 2 survivors (8192K)
 Metaspace       used 21150K, committed 21504K, reserved 1114112K
  class space    used 2587K, committed 2752K, reserved 1048576K
}
Event: 2.555 GC heap after
{Heap after GC invocations=4 (full 0):
 garbage-first heap   total 319488K, used 16299K [0x00000006cbc00000, 0x0000000800000000)
  region size 4096K, 2 young (8192K), 2 survivors (8192K)
 Metaspace       used 21150K, committed 21504K, reserved 1114112K
  class space    used 2587K, committed 2752K, reserved 1048576K
}
Event: 3.702 GC heap before
{Heap before GC invocations=5 (full 0):
 garbage-first heap   total 81920K, used 77739K [0x00000006cbc00000, 0x0000000800000000)
  region size 4096K, 17 young (69632K), 2 survivors (8192K)
 Metaspace       used 29465K, committed 29952K, reserved 1114112K
  class space    used 3632K, committed 3840K, reserved 1048576K
}
Event: 3.713 GC heap after
{Heap after GC invocations=6 (full 0):
 garbage-first heap   total 94208K, used 21153K [0x00000006cbc00000, 0x0000000800000000)
  region size 4096K, 3 young (12288K), 3 survivors (12288K)
 Metaspace       used 29465K, committed 29952K, reserved 1114112K
  class space    used 3632K, committed 3840K, reserved 1048576K
}
Event: 4.644 GC heap before
{Heap before GC invocations=6 (full 0):
 garbage-first heap   total 94208K, used 62113K [0x00000006cbc00000, 0x0000000800000000)
  region size 4096K, 13 young (53248K), 3 survivors (12288K)
 Metaspace       used 34816K, committed 35328K, reserved 1114112K
  class space    used 4386K, committed 4608K, reserved 1048576K
}
Event: 4.654 GC heap after
{Heap after GC invocations=7 (full 0):
 garbage-first heap   total 94208K, used 24940K [0x00000006cbc00000, 0x0000000800000000)
  region size 4096K, 1 young (4096K), 1 survivors (4096K)
 Metaspace       used 34816K, committed 35328K, reserved 1114112K
  class space    used 4386K, committed 4608K, reserved 1048576K
}
Event: 4.872 GC heap before
{Heap before GC invocations=7 (full 0):
 garbage-first heap   total 94208K, used 29036K [0x00000006cbc00000, 0x0000000800000000)
  region size 4096K, 3 young (12288K), 1 survivors (4096K)
 Metaspace       used 35619K, committed 36096K, reserved 1114112K
  class space    used 4494K, committed 4736K, reserved 1048576K
}
Event: 4.876 GC heap after
{Heap after GC invocations=8 (full 0):
 garbage-first heap   total 94208K, used 25248K [0x00000006cbc00000, 0x0000000800000000)
  region size 4096K, 2 young (8192K), 2 survivors (8192K)
 Metaspace       used 35619K, committed 36096K, reserved 1114112K
  class space    used 4494K, committed 4736K, reserved 1048576K
}
Event: 5.715 GC heap before
{Heap before GC invocations=9 (full 0):
 garbage-first heap   total 94208K, used 66208K [0x00000006cbc00000, 0x0000000800000000)
  region size 4096K, 13 young (53248K), 2 survivors (8192K)
 Metaspace       used 38570K, committed 39168K, reserved 1114112K
  class space    used 4810K, committed 5056K, reserved 1048576K
}
Event: 5.722 GC heap after
{Heap after GC invocations=10 (full 0):
 garbage-first heap   total 94208K, used 29790K [0x00000006cbc00000, 0x0000000800000000)
  region size 4096K, 2 young (8192K), 2 survivors (8192K)
 Metaspace       used 38570K, committed 39168K, reserved 1114112K
  class space    used 4810K, committed 5056K, reserved 1048576K
}

