# JRE version: OpenJDK Runtime Environment Temurin-21.0.9+10 (21.0.9+10) (build 21.0.9+10-LTS)
# Java VM: OpenJDK 64-Bit Server VM Temurin-21.0.9+10 (21.0.9+10-LTS, mixed mode, sharing, tiered, compressed oops, compressed class ptrs, parallel gc, windows-amd64)
GC Precious Log:
 CardTable entry size: 512
 CPUs: 16 total, 16 available
 Memory: 19724M
 Large Page Support: Disabled
 NUMA Support: Disabled
 Compressed Oops: Enabled (32-bit)
 Alignments: Space 512K, Generation 512K, Heap 2M
 Heap Min Capacity: 100M
 Heap Initial Capacity: 100M
 Heap Max Capacity: 2G
 Pre-touch: Disabled
 Parallel Workers: 13
Heap:
 PSYoungGen      total 23040K, used 21158K [0x00000000d5580000, 0x00000000d6f80000, 0x0000000100000000)
  eden space 21504K, 91% used [0x00000000d5580000,0x00000000d68abf30,0x00000000d6a80000)
  from space 1536K, 99% used [0x00000000d6a80000,0x00000000d6bfda48,0x00000000d6c00000)
  to   space 2560K, 0% used [0x00000000d6d00000,0x00000000d6d00000,0x00000000d6f80000)
 ParOldGen       total 76800K, used 65914K [0x0000000080000000, 0x0000000084b00000, 0x00000000d5580000)
  object space 76800K, 85% used [0x0000000080000000,0x000000008405e8f0,0x0000000084b00000)
 Metaspace       used 58753K, committed 60224K, reserved 1114112K
  class space    used 6306K, committed 6912K, reserved 1048576K
GC Heap History (20 events):
Event: 30.226 GC heap before
{Heap before GC invocations=43 (full 2):
 PSYoungGen      total 23040K, used 22691K [0x00000000d5580000, 0x00000000d6e00000, 0x0000000100000000)
  eden space 21504K, 100% used [0x00000000d5580000,0x00000000d6a80000,0x00000000d6a80000)
  from space 1536K, 77% used [0x00000000d6c80000,0x00000000d6da8df8,0x00000000d6e00000)
  to   space 1536K, 0% used [0x00000000d6a80000,0x00000000d6a80000,0x00000000d6c00000)
 ParOldGen       total 73216K, used 72946K [0x0000000080000000, 0x0000000084780000, 0x00000000d5580000)
  object space 73216K, 99% used [0x0000000080000000,0x000000008473c940,0x0000000084780000)
 Metaspace       used 58117K, committed 59648K, reserved 1114112K
  class space    used 6262K, committed 6912K, reserved 1048576K
}
Event: 30.227 GC heap after
{Heap after GC invocations=43 (full 2):
 PSYoungGen      total 23040K, used 1273K [0x00000000d5580000, 0x00000000d6d80000, 0x0000000100000000)
  eden space 21504K, 0% used [0x00000000d5580000,0x00000000d5580000,0x00000000d6a80000)
  from space 1536K, 82% used [0x00000000d6a80000,0x00000000d6bbe4e0,0x00000000d6c00000)
  to   space 1536K, 0% used [0x00000000d6c00000,0x00000000d6c00000,0x00000000d6d80000)
 ParOldGen       total 74240K, used 73863K [0x0000000080000000, 0x0000000084880000, 0x00000000d5580000)
  object space 74240K, 99% used [0x0000000080000000,0x0000000084821e60,0x0000000084880000)
 Metaspace       used 58117K, committed 59648K, reserved 1114112K
  class space    used 6262K, committed 6912K, reserved 1048576K
}
Event: 30.428 GC heap before
{Heap before GC invocations=44 (full 2):
 PSYoungGen      total 23040K, used 22777K [0x00000000d5580000, 0x00000000d6d80000, 0x0000000100000000)
  eden space 21504K, 99% used [0x00000000d5580000,0x00000000d6a7fff8,0x00000000d6a80000)
  from space 1536K, 82% used [0x00000000d6a80000,0x00000000d6bbe4e0,0x00000000d6c00000)
  to   space 1536K, 0% used [0x00000000d6c00000,0x00000000d6c00000,0x00000000d6d80000)
 ParOldGen       total 74240K, used 73863K [0x0000000080000000, 0x0000000084880000, 0x00000000d5580000)
  object space 74240K, 99% used [0x0000000080000000,0x0000000084821e60,0x0000000084880000)
 Metaspace       used 58172K, committed 59648K, reserved 1114112K
  class space    used 6263K, committed 6912K, reserved 1048576K
}
Event: 30.429 GC heap after
{Heap after GC invocations=44 (full 2):
 PSYoungGen      total 23040K, used 992K [0x00000000d5580000, 0x00000000d6d80000, 0x0000000100000000)
  eden space 21504K, 0% used [0x00000000d5580000,0x00000000d5580000,0x00000000d6a80000)
  from space 1536K, 64% used [0x00000000d6c00000,0x00000000d6cf8000,0x00000000d6d80000)
  to   space 1536K, 0% used [0x00000000d6a80000,0x00000000d6a80000,0x00000000d6c00000)
 ParOldGen       total 75264K, used 74820K [0x0000000080000000, 0x0000000084980000, 0x00000000d5580000)
  object space 75264K, 99% used [0x0000000080000000,0x00000000849113c8,0x0000000084980000)
 Metaspace       used 58172K, committed 59648K, reserved 1114112K
  class space    used 6263K, committed 6912K, reserved 1048576K
}
Event: 31.197 GC heap before
{Heap before GC invocations=45 (full 2):
 PSYoungGen      total 23040K, used 22496K [0x00000000d5580000, 0x00000000d6d80000, 0x0000000100000000)
  eden space 21504K, 100% used [0x00000000d5580000,0x00000000d6a80000,0x00000000d6a80000)
  from space 1536K, 64% used [0x00000000d6c00000,0x00000000d6cf8000,0x00000000d6d80000)
  to   space 1536K, 0% used [0x00000000d6a80000,0x00000000d6a80000,0x00000000d6c00000)
 ParOldGen       total 75264K, used 74820K [0x0000000080000000, 0x0000000084980000, 0x00000000d5580000)
  object space 75264K, 99% used [0x0000000080000000,0x00000000849113c8,0x0000000084980000)
 Metaspace       used 58293K, committed 59776K, reserved 1114112K
  class space    used 6266K, committed 6912K, reserved 1048576K
}
Event: 31.198 GC heap after
{Heap after GC invocations=45 (full 2):
 PSYoungGen      total 23040K, used 1472K [0x00000000d5580000, 0x00000000d6e80000, 0x0000000100000000)
  eden space 21504K, 0% used [0x00000000d5580000,0x00000000d5580000,0x00000000d6a80000)
  from space 1536K, 95% used [0x00000000d6a80000,0x00000000d6bf0000,0x00000000d6c00000)
  to   space 2048K, 0% used [0x00000000d6c80000,0x00000000d6c80000,0x00000000d6e80000)
 ParOldGen       total 75264K, used 75251K [0x0000000080000000, 0x0000000084980000, 0x00000000d5580000)
  object space 75264K, 99% used [0x0000000080000000,0x000000008497ce60,0x0000000084980000)
 Metaspace       used 58293K, committed 59776K, reserved 1114112K
  class space    used 6266K, committed 6912K, reserved 1048576K
}
Event: 31.283 GC heap before
{Heap before GC invocations=46 (full 2):
 PSYoungGen      total 23040K, used 4911K [0x00000000d5580000, 0x00000000d6e80000, 0x0000000100000000)
  eden space 21504K, 15% used [0x00000000d5580000,0x00000000d58dbf10,0x00000000d6a80000)
  from space 1536K, 95% used [0x00000000d6a80000,0x00000000d6bf0000,0x00000000d6c00000)
  to   space 2048K, 0% used [0x00000000d6c80000,0x00000000d6c80000,0x00000000d6e80000)
 ParOldGen       total 75264K, used 75251K [0x0000000080000000, 0x0000000084980000, 0x00000000d5580000)
  object space 75264K, 99% used [0x0000000080000000,0x000000008497ce60,0x0000000084980000)
 Metaspace       used 58357K, committed 59776K, reserved 1114112K
  class space    used 6267K, committed 6912K, reserved 1048576K
}
Event: 31.285 GC heap after
{Heap after GC invocations=46 (full 2):
 PSYoungGen      total 22016K, used 480K [0x00000000d5580000, 0x00000000d6d00000, 0x0000000100000000)
  eden space 21504K, 0% used [0x00000000d5580000,0x00000000d5580000,0x00000000d6a80000)
  from space 512K, 93% used [0x00000000d6c80000,0x00000000d6cf8000,0x00000000d6d00000)
  to   space 1024K, 0% used [0x00000000d6b00000,0x00000000d6b00000,0x00000000d6c00000)
 ParOldGen       total 76800K, used 76421K [0x0000000080000000, 0x0000000084b00000, 0x00000000d5580000)
  object space 76800K, 99% used [0x0000000080000000,0x0000000084aa1450,0x0000000084b00000)
 Metaspace       used 58357K, committed 59776K, reserved 1114112K
  class space    used 6267K, committed 6912K, reserved 1048576K
}
Event: 31.285 GC heap before
{Heap before GC invocations=47 (full 3):
 PSYoungGen      total 22016K, used 480K [0x00000000d5580000, 0x00000000d6d00000, 0x0000000100000000)
  eden space 21504K, 0% used [0x00000000d5580000,0x00000000d5580000,0x00000000d6a80000)
  from space 512K, 93% used [0x00000000d6c80000,0x00000000d6cf8000,0x00000000d6d00000)
  to   space 1024K, 0% used [0x00000000d6b00000,0x00000000d6b00000,0x00000000d6c00000)
 ParOldGen       total 76800K, used 76421K [0x0000000080000000, 0x0000000084b00000, 0x00000000d5580000)
  object space 76800K, 99% used [0x0000000080000000,0x0000000084aa1450,0x0000000084b00000)
 Metaspace       used 58357K, committed 59776K, reserved 1114112K
  class space    used 6267K, committed 6912K, reserved 1048576K
}
Event: 31.416 GC heap after
{Heap after GC invocations=47 (full 3):
 PSYoungGen      total 22016K, used 0K [0x00000000d5580000, 0x00000000d6d00000, 0x0000000100000000)
  eden space 21504K, 0% used [0x00000000d5580000,0x00000000d5580000,0x00000000d6a80000)
  from space 512K, 0% used [0x00000000d6c80000,0x00000000d6c80000,0x00000000d6d00000)
  to   space 1024K, 0% used [0x00000000d6b00000,0x00000000d6b00000,0x00000000d6c00000)
 ParOldGen       total 76800K, used 63005K [0x0000000080000000, 0x0000000084b00000, 0x00000000d5580000)
  object space 76800K, 82% used [0x0000000080000000,0x0000000083d87708,0x0000000084b00000)
 Metaspace       used 58351K, committed 59776K, reserved 1114112K
  class space    used 6265K, committed 6912K, reserved 1048576K
}
Event: 32.431 GC heap before
{Heap before GC invocations=48 (full 3):
 PSYoungGen      total 22016K, used 21504K [0x00000000d5580000, 0x00000000d6d00000, 0x0000000100000000)
  eden space 21504K, 100% used [0x00000000d5580000,0x00000000d6a80000,0x00000000d6a80000)
  from space 512K, 0% used [0x00000000d6c80000,0x00000000d6c80000,0x00000000d6d00000)
  to   space 1024K, 0% used [0x00000000d6b00000,0x00000000d6b00000,0x00000000d6c00000)
 ParOldGen       total 76800K, used 63005K [0x0000000080000000, 0x0000000084b00000, 0x00000000d5580000)
  object space 76800K, 82% used [0x0000000080000000,0x0000000083d87708,0x0000000084b00000)
 Metaspace       used 58705K, committed 60160K, reserved 1114112K
  class space    used 6303K, committed 6912K, reserved 1048576K
}
Event: 32.432 GC heap after
{Heap after GC invocations=48 (full 3):
 PSYoungGen      total 22528K, used 1022K [0x00000000d5580000, 0x00000000d6d80000, 0x0000000100000000)
  eden space 21504K, 0% used [0x00000000d5580000,0x00000000d5580000,0x00000000d6a80000)
  from space 1024K, 99% used [0x00000000d6b00000,0x00000000d6bff9f0,0x00000000d6c00000)
  to   space 1536K, 0% used [0x00000000d6c00000,0x00000000d6c00000,0x00000000d6d80000)
 ParOldGen       total 76800K, used 63045K [0x0000000080000000, 0x0000000084b00000, 0x00000000d5580000)
  object space 76800K, 82% used [0x0000000080000000,0x0000000083d91708,0x0000000084b00000)
 Metaspace       used 58705K, committed 60160K, reserved 1114112K
  class space    used 6303K, committed 6912K, reserved 1048576K
}
Event: 33.070 GC heap before
{Heap before GC invocations=49 (full 3):
 PSYoungGen      total 22528K, used 22526K [0x00000000d5580000, 0x00000000d6d80000, 0x0000000100000000)
  eden space 21504K, 100% used [0x00000000d5580000,0x00000000d6a80000,0x00000000d6a80000)
  from space 1024K, 99% used [0x00000000d6b00000,0x00000000d6bff9f0,0x00000000d6c00000)
  to   space 1536K, 0% used [0x00000000d6c00000,0x00000000d6c00000,0x00000000d6d80000)
 ParOldGen       total 76800K, used 63045K [0x0000000080000000, 0x0000000084b00000, 0x00000000d5580000)
  object space 76800K, 82% used [0x0000000080000000,0x0000000083d91708,0x0000000084b00000)
 Metaspace       used 58711K, committed 60160K, reserved 1114112K
  class space    used 6303K, committed 6912K, reserved 1048576K
}
Event: 33.071 GC heap after
{Heap after GC invocations=49 (full 3):
 PSYoungGen      total 22528K, used 941K [0x00000000d5580000, 0x00000000d6d00000, 0x0000000100000000)
  eden space 21504K, 0% used [0x00000000d5580000,0x00000000d5580000,0x00000000d6a80000)
  from space 1024K, 91% used [0x00000000d6c00000,0x00000000d6ceb698,0x00000000d6d00000)
  to   space 1024K, 0% used [0x00000000d6b00000,0x00000000d6b00000,0x00000000d6c00000)
 ParOldGen       total 76800K, used 63792K [0x0000000080000000, 0x0000000084b00000, 0x00000000d5580000)
  object space 76800K, 83% used [0x0000000080000000,0x0000000083e4c3a8,0x0000000084b00000)
 Metaspace       used 58711K, committed 60160K, reserved 1114112K
  class space    used 6303K, committed 6912K, reserved 1048576K
}
Event: 33.910 GC heap before
{Heap before GC invocations=50 (full 3):
 PSYoungGen      total 22528K, used 22445K [0x00000000d5580000, 0x00000000d6d00000, 0x0000000100000000)
  eden space 21504K, 100% used [0x00000000d5580000,0x00000000d6a80000,0x00000000d6a80000)
  from space 1024K, 91% used [0x00000000d6c00000,0x00000000d6ceb698,0x00000000d6d00000)
  to   space 1024K, 0% used [0x00000000d6b00000,0x00000000d6b00000,0x00000000d6c00000)
 ParOldGen       total 76800K, used 63792K [0x0000000080000000, 0x0000000084b00000, 0x00000000d5580000)
  object space 76800K, 83% used [0x0000000080000000,0x0000000083e4c3a8,0x0000000084b00000)
 Metaspace       used 58713K, committed 60160K, reserved 1114112K
  class space    used 6303K, committed 6912K, reserved 1048576K
}
Event: 33.911 GC heap after
{Heap after GC invocations=50 (full 3):
 PSYoungGen      total 22528K, used 917K [0x00000000d5580000, 0x00000000d6c80000, 0x0000000100000000)
  eden space 21504K, 0% used [0x00000000d5580000,0x00000000d5580000,0x00000000d6a80000)
  from space 1024K, 89% used [0x00000000d6b00000,0x00000000d6be5690,0x00000000d6c00000)
  to   space 512K, 0% used [0x00000000d6c00000,0x00000000d6c00000,0x00000000d6c80000)
 ParOldGen       total 76800K, used 64355K [0x0000000080000000, 0x0000000084b00000, 0x00000000d5580000)
  object space 76800K, 83% used [0x0000000080000000,0x0000000083ed8fd8,0x0000000084b00000)
 Metaspace       used 58713K, committed 60160K, reserved 1114112K
  class space    used 6303K, committed 6912K, reserved 1048576K
}
Event: 34.354 GC heap before
{Heap before GC invocations=51 (full 3):
 PSYoungGen      total 22528K, used 22421K [0x00000000d5580000, 0x00000000d6c80000, 0x0000000100000000)
  eden space 21504K, 100% used [0x00000000d5580000,0x00000000d6a80000,0x00000000d6a80000)
  from space 1024K, 89% used [0x00000000d6b00000,0x00000000d6be5690,0x00000000d6c00000)
  to   space 512K, 0% used [0x00000000d6c00000,0x00000000d6c00000,0x00000000d6c80000)
 ParOldGen       total 76800K, used 64355K [0x0000000080000000, 0x0000000084b00000, 0x00000000d5580000)
  object space 76800K, 83% used [0x0000000080000000,0x0000000083ed8fd8,0x0000000084b00000)
 Metaspace       used 58716K, committed 60160K, reserved 1114112K
  class space    used 6303K, committed 6912K, reserved 1048576K
}
Event: 34.355 GC heap after
{Heap after GC invocations=51 (full 3):
 PSYoungGen      total 22016K, used 486K [0x00000000d5580000, 0x00000000d6d80000, 0x0000000100000000)
  eden space 21504K, 0% used [0x00000000d5580000,0x00000000d5580000,0x00000000d6a80000)
  from space 512K, 95% used [0x00000000d6c00000,0x00000000d6c79aa0,0x00000000d6c80000)
  to   space 1536K, 0% used [0x00000000d6a80000,0x00000000d6a80000,0x00000000d6c00000)
 ParOldGen       total 76800K, used 65248K [0x0000000080000000, 0x0000000084b00000, 0x00000000d5580000)
  object space 76800K, 84% used [0x0000000080000000,0x0000000083fb8298,0x0000000084b00000)
 Metaspace       used 58716K, committed 60160K, reserved 1114112K
  class space    used 6303K, committed 6912K, reserved 1048576K
}
Event: 34.500 GC heap before
{Heap before GC invocations=52 (full 3):
 PSYoungGen      total 22016K, used 21990K [0x00000000d5580000, 0x00000000d6d80000, 0x0000000100000000)
  eden space 21504K, 100% used [0x00000000d5580000,0x00000000d6a80000,0x00000000d6a80000)
  from space 512K, 95% used [0x00000000d6c00000,0x00000000d6c79aa0,0x00000000d6c80000)
  to   space 1536K, 0% used [0x00000000d6a80000,0x00000000d6a80000,0x00000000d6c00000)
 ParOldGen       total 76800K, used 65248K [0x0000000080000000, 0x0000000084b00000, 0x00000000d5580000)
  object space 76800K, 84% used [0x0000000080000000,0x0000000083fb8298,0x0000000084b00000)
 Metaspace       used 58750K, committed 60224K, reserved 1114112K
  class space    used 6306K, committed 6912K, reserved 1048576K
}
Event: 34.501 GC heap after
{Heap after GC invocations=52 (full 3):
 PSYoungGen      total 23040K, used 1526K [0x00000000d5580000, 0x00000000d6f80000, 0x0000000100000000)
  eden space 21504K, 0% used [0x00000000d5580000,0x00000000d5580000,0x00000000d6a80000)
  from space 1536K, 99% used [0x00000000d6a80000,0x00000000d6bfda48,0x00000000d6c00000)
  to   space 2560K, 0% used [0x00000000d6d00000,0x00000000d6d00000,0x00000000d6f80000)
 ParOldGen       total 76800K, used 65914K [0x0000000080000000, 0x0000000084b00000, 0x00000000d5580000)
  object space 76800K, 85% used [0x0000000080000000,0x000000008405e8f0,0x0000000084b00000)
 Metaspace       used 58750K, committed 60224K, reserved 1114112K
  class space    used 6306K, committed 6912K, reserved 1048576K
}

